<?xml version="1.0" encoding="UTF-8"?>
<!-- Generated by org.testng.reporters.JUnitReportReporter -->
<testsuite hostname="DESKTOP-OVNVORF" failures="0" tests="1" name="ek_itauto.TestMainEntry" time="0.005" errors="0" timestamp="2021-02-12T23:13:26 CST" skipped="0">
  <testcase classname="ek_itauto.TestMainEntry" name="LoginTest" time="0.005"/>
</testsuite> <!-- ek_itauto.TestMainEntry -->
